TensorBoard inference: prepared 5 test sentences
Extracting Stage 1 baseline voicepack for TensorBoard...
  acoustic_norm=1.7153  prosodic_norm=1.7153
  baseline/test_01: สวัสดีค่ะ ยินดีต้อนรับสู่บริการของเรา
  baseline/test_02: ยอดเงินคงเหลือสามพันห้าร้อยบาท
  baseline/test_03: ใครขายไข่ไก่ ใกล้ๆ บ้านเรา
  baseline/test_04: กรุณากดหมายเลขหนึ่งเพื่อติดต่อพนักงาน
  baseline/test_05: วันนี้อากาศเป็นอย่างไรบ้าง
Loading the first stage model at logs/thai-smoke/first_stage.pth ...
bert loaded (25/25 tensors)
bert_encoder loaded (2/2 tensors)
predictor loaded (122/122 tensors)
decoder loaded (375/375 tensors)
text_encoder loaded (24/24 tensors)
style_encoder loaded (67/67 tensors)
text_aligner loaded (143/143 tensors)
pitch_extractor loaded (77/77 tensors)
BERT AdamW (
Parameter Group 0
    amsgrad: False
    base_momentum: 0.85
    betas: (0.9, 0.99)
    capturable: False
    differentiable: False
    eps: 1e-09
    foreach: None
    fused: None
    initial_lr: 1e-05
    lr: 1e-05
    max_lr: 2e-05
    max_momentum: 0.95
    maximize: False
    min_lr: 0
    weight_decay: 0.01
)
decoder AdamW (
Parameter Group 0
    amsgrad: False
    base_momentum: 0.85
    betas: (0.0, 0.99)
    capturable: False
    differentiable: False
    eps: 1e-09
    foreach: None
    fused: None
    initial_lr: 0.0001
    lr: 0.0001
    max_lr: 0.0002
    max_momentum: 0.95
    maximize: False
    min_lr: 0
    weight_decay: 0.0001
)
Epoch [1/2], Step [10/22], Loss: 0.63643, Disc Loss: 0.00000, Dur Loss: 0.50816, CE Loss: 0.05269, Norm Loss: 1.70437, F0 Loss: 4.39823, LM Loss: 2.20635, Gen Loss: 0.00000, Sty Loss: 0.00000, Diff Loss: 0.00000, DiscLM Loss: 0.00000, GenLM Loss: 0.00000
Epoch [1/2], Step [20/22], Loss: 0.59818, Disc Loss: 0.00000, Dur Loss: 0.42111, CE Loss: 0.03556, Norm Loss: 1.46683, F0 Loss: 4.44695, LM Loss: 2.12142, Gen Loss: 0.00000, Sty Loss: 0.00000, Diff Loss: 0.00000, DiscLM Loss: 0.00000, GenLM Loss: 0.00000
Validation loss: 0.884, Dur loss: 0.423, F0 loss: 4.217



Epoch 0: extracting voicepack for TensorBoard inference...
  acoustic_norm=1.7030  prosodic_norm=3.3582
Time elasped: 29.736680030822754
Time elasped: 55.96055603027344
Epochs: 1




Saving..
Epoch [2/2], Step [10/22], Loss: 0.60994, Disc Loss: 0.00000, Dur Loss: 0.44045, CE Loss: 0.03667, Norm Loss: 1.62950, F0 Loss: 4.00327, LM Loss: 2.19510, Gen Loss: 0.00000, Sty Loss: 0.00000, Diff Loss: 0.00000, DiscLM Loss: 0.00000, GenLM Loss: 0.00000
Epoch [2/2], Step [20/22], Loss: 0.57687, Disc Loss: 0.00000, Dur Loss: 0.51959, CE Loss: 0.03663, Norm Loss: 1.71134, F0 Loss: 4.31247, LM Loss: 2.12877, Gen Loss: 0.00000, Sty Loss: 0.00000, Diff Loss: 0.00000, DiscLM Loss: 0.00000, GenLM Loss: 0.00000
Validation loss: 0.832, Dur loss: 0.422, F0 loss: 3.802



Epoch 1: extracting voicepack for TensorBoard inference...
  acoustic_norm=1.7029  prosodic_norm=3.1831
Time elasped: 28.706591606140137
Time elasped: 55.05129647254944
Epochs: 2




Saving..
